<?xml version="1.0" encoding="UTF-8"?>
<!-- Generated by org.testng.reporters.JUnitXMLReporter -->
<testsuite ignored="0" hostname="LAPTOP-U93KTHPP" failures="0" tests="3" name="Default test" time="48.537" errors="0" timestamp="2021-10-27T00:30:35 IST">
  <testcase classname="testNGClasses.VerifyHomePage" name="verifyAdmin" time="1.477"/>
  <testcase classname="testNGClasses.VerifyHomePage" name="verifyPMI" time="2.818"/>
  <testcase classname="testNGClasses.VerifyHomePage" name="verifyMyProfile" time="4.636"/>
</testsuite> <!-- Default test -->
